#
# There is insufficient memory for the Java Runtime Environment to continue.
# Native memory allocation (malloc) failed to allocate 1264496 bytes for Chunk::new
# Possible reasons:
#   The system is out of physical RAM or swap space
#   In 32 bit mode, the process size limit was hit
# Possible solutions:
#   Reduce memory load on the system
#   Increase physical memory or swap space
#   Check if swap backing store is full
#   Use 64 bit Java on a 64 bit OS
#   Decrease Java heap size (-Xmx/-Xms)
#   Decrease number of Java threads
#   Decrease Java thread stack sizes (-Xss)
#   Set larger code cache with -XX:ReservedCodeCacheSize=
# This output file may be truncated or incomplete.
#
#  Out of Memory Error (allocation.cpp:390), pid=1452, tid=0x0000000000001874
#
# JRE version: OpenJDK Runtime Environment (8.0_152-b06) (build 1.8.0_152-release-1136-b06)
# Java VM: OpenJDK 64-Bit Server VM (25.152-b06 mixed mode windows-amd64 compressed oops)
# Failed to write core dump. Minidumps are not enabled by default on client versions of Windows
#

---------------  T H R E A D  ---------------

Current thread (0x0000000016b94000):  JavaThread "C2 CompilerThread1" daemon [_thread_in_native, id=6260, stack(0x00000000182f0000,0x00000000183f0000)]

Stack: [0x00000000182f0000,0x00000000183f0000]
[error occurred during error reporting (printing stack bounds), id 0xc0000005]

Native frames: (J=compiled Java code, j=interpreted, Vv=VM code, C=native code)


Current CompileTask:
C2:11390908 24996       4       java.lang.Enum::valueOf (73 bytes)


---------------  P R O C E S S  ---------------

Java Threads: ( => current thread )
  0x000000001f406000 JavaThread "ForkJoinPool-86-worker-1" daemon [_thread_in_native, id=10500, stack(0x0000000025ad0000,0x0000000025bd0000)]
  0x000000001f401800 JavaThread "ForkJoinPool.commonPool-worker-1" daemon [_thread_blocked, id=7956, stack(0x00000000255d0000,0x00000000256d0000)]
  0x000000001f405800 JavaThread "ForkJoinPool.commonPool-worker-0" daemon [_thread_blocked, id=6256, stack(0x00000000252d0000,0x00000000253d0000)]
  0x000000001f404000 JavaThread "Cache worker for Java compile cache (G:\BHUSHAN\ANDROID\Calculator\.gradle\4.6\javaCompile)" [_thread_blocked, id=3752, stack(0x00000000251d0000,0x00000000252d0000)]
  0x000000001f400000 JavaThread "Task worker for ':' Thread 3" [_thread_blocked, id=11960, stack(0x00000000250d0000,0x00000000251d0000)]
  0x000000001f403000 JavaThread "Task worker for ':' Thread 2" [_thread_blocked, id=6900, stack(0x0000000023e40000,0x0000000023f40000)]
  0x000000001d118000 JavaThread "Task worker for ':'" [_thread_blocked, id=14028, stack(0x0000000023d40000,0x0000000023e40000)]
  0x000000001d117000 JavaThread "Cache worker for Build Output Cleanup Cache (G:\BHUSHAN\ANDROID\Calculator\.gradle\buildOutputCleanup)" [_thread_blocked, id=9264, stack(0x0000000023840000,0x0000000023940000)]
  0x000000001d116800 JavaThread "Cache worker for task history cache (G:\BHUSHAN\ANDROID\Calculator\.gradle\4.6\taskHistory)" [_thread_blocked, id=3316, stack(0x0000000020b10000,0x0000000020c10000)]
  0x000000001d115800 JavaThread "Cache worker for file content cache (G:\BHUSHAN\ANDROID\Calculator\.gradle\4.6\fileContent)" [_thread_blocked, id=9604, stack(0x0000000020a10000,0x0000000020b10000)]
  0x000000001d115000 JavaThread "Build operations Thread 4" [_thread_blocked, id=8832, stack(0x0000000020910000,0x0000000020a10000)]
  0x000000001d113800 JavaThread "Build operations Thread 3" [_thread_blocked, id=6444, stack(0x0000000020810000,0x0000000020910000)]
  0x000000001d112800 JavaThread "Build operations Thread 2" [_thread_blocked, id=12884, stack(0x0000000020710000,0x0000000020810000)]
  0x000000001d114000 JavaThread "Build operations" [_thread_blocked, id=4028, stack(0x0000000020610000,0x0000000020710000)]
  0x000000001d10b000 JavaThread "Cache worker for Artifact transforms cache (C:\Users\Dell\.gradle\caches\transforms-1)" [_thread_blocked, id=7304, stack(0x000000001efb0000,0x000000001f0b0000)]
  0x000000001d110800 JavaThread "Cache worker for file hash cache (G:\BHUSHAN\ANDROID\Calculator\.gradle\4.6\fileHashes)" [_thread_blocked, id=12728, stack(0x000000001d6e0000,0x000000001d7e0000)]
  0x000000001d10d800 JavaThread "Stdin handler" [_thread_blocked, id=13180, stack(0x000000001b040000,0x000000001b140000)]
  0x000000001d10a000 JavaThread "Asynchronous log dispatcher for DefaultDaemonConnection: socket connection from /127.0.0.1:55214 to /127.0.0.1:62753" [_thread_blocked, id=5052, stack(0x000000001af40000,0x000000001b040000)]
  0x000000001d109800 JavaThread "Daemon worker Thread 9" [_thread_blocked, id=12692, stack(0x000000001ac40000,0x000000001ad40000)]
  0x000000001d108800 JavaThread "Cancel handler" [_thread_blocked, id=5316, stack(0x000000001ab40000,0x000000001ac40000)]
  0x000000001d10c800 JavaThread "Handler for socket connection from /127.0.0.1:55214 to /127.0.0.1:62753" [_thread_in_native, id=14256, stack(0x00000000015c0000,0x00000000016c0000)]
  0x000000001d10f800 JavaThread "Daemon Thread 9" [_thread_blocked, id=10496, stack(0x00000000014b0000,0x00000000015b0000)]
  0x0000000018f2a800 JavaThread "MarlinRenderer Disposer" daemon [_thread_blocked, id=9744, stack(0x0000000025c30000,0x0000000025d30000)]
  0x0000000018f24800 JavaThread "Java2D Disposer" daemon [_thread_blocked, id=13404, stack(0x00000000257d0000,0x00000000258d0000)]
  0x000000001bbc1800 JavaThread "Memory manager" [_thread_blocked, id=8232, stack(0x0000000020e80000,0x0000000020f80000)]
  0x000000001bbc6000 JavaThread "pool-1-thread-1" [_thread_blocked, id=13452, stack(0x0000000020510000,0x0000000020610000)]
  0x0000000019c46800 JavaThread "File lock request listener" [_thread_in_native, id=1896, stack(0x000000001c610000,0x000000001c710000)]
  0x000000001c095800 JavaThread "Cache worker for file hash cache (C:\Users\Dell\.gradle\caches\4.6\fileHashes)" [_thread_blocked, id=10684, stack(0x000000001c510000,0x000000001c610000)]
  0x0000000019b24000 JavaThread "Daemon periodic checks" [_thread_blocked, id=8492, stack(0x000000001aa40000,0x000000001ab40000)]
  0x0000000019ac7800 JavaThread "Incoming local TCP Connector on port 55214" [_thread_in_native, id=6824, stack(0x000000001a800000,0x000000001a900000)]
  0x0000000018518800 JavaThread "Service Thread" daemon [_thread_blocked, id=4584, stack(0x00000000188f0000,0x00000000189f0000)]
  0x0000000016b9a000 JavaThread "C1 CompilerThread2" daemon [_thread_blocked, id=12512, stack(0x00000000183f0000,0x00000000184f0000)]
=>0x0000000016b94000 JavaThread "C2 CompilerThread1" daemon [_thread_in_native, id=6260, stack(0x00000000182f0000,0x00000000183f0000)]
  0x0000000016b8b000 JavaThread "C2 CompilerThread0" daemon [_thread_blocked, id=13888, stack(0x00000000181f0000,0x00000000182f0000)]
  0x0000000016b89800 JavaThread "Attach Listener" daemon [_thread_blocked, id=5564, stack(0x00000000180f0000,0x00000000181f0000)]
  0x0000000016b88000 JavaThread "Signal Dispatcher" daemon [_thread_blocked, id=8952, stack(0x0000000017ff0000,0x00000000180f0000)]
  0x0000000016b78800 JavaThread "Finalizer" daemon [_thread_blocked, id=1152, stack(0x0000000017df0000,0x0000000017ef0000)]
  0x0000000003211800 JavaThread "Reference Handler" daemon [_thread_blocked, id=6804, stack(0x0000000017cf0000,0x0000000017df0000)]
  0x000000000311d800 JavaThread "main" [_thread_blocked, id=12528, stack(0x0000000003000000,0x0000000003100000)]

Other Threads:
  0x0000000016b55000 VMThread [stack: 0x0000000017bf0000,0x0000000017cf0000] [id=14128]
  0x000000001851b000 WatcherThread [stack: 0x00000000189f0000,0x0000000018af0000] [id=5840]

VM state:not at safepoint (normal execution)

VM Mutex/Monitor currently owned by a thread: None

Heap:
 PSYoungGen      total 479232K, used 242427K [0x00000000e0000000, 0x0000000100000000, 0x0000000100000000)
  eden space 440320K, 48% used [0x00000000e0000000,0x00000000ecfc69f0,0x00000000fae00000)
  from space 38912K, 76% used [0x00000000fae00000,0x00000000fcaf8378,0x00000000fd400000)
  to   space 41472K, 0% used [0x00000000fd780000,0x00000000fd780000,0x0000000100000000)
 ParOldGen       total 108544K, used 47158K [0x00000000a0000000, 0x00000000a6a00000, 0x00000000e0000000)
  object space 108544K, 43% used [0x00000000a0000000,0x00000000a2e0dab8,0x00000000a6a00000)
 Metaspace       used 89790K, capacity 93910K, committed 94356K, reserved 1132544K
  class space    used 11134K, capacity 11952K, committed 12180K, reserved 1048576K

Card table byte_map: [0x00000000125e0000,0x00000000128f0000] byte_map_base: 0x00000000120e0000

Marking Bits: (ParMarkBitMap*) 0x00000000723f5aa0
 Begin Bits: [0x0000000012ef0000, 0x00000000146f0000)
 End Bits:   [0x00000000146f0000, 0x0000000015ef0000)

Polling page: 0x0000000001350000

CodeCache: size=245760Kb used=66575Kb max_used=66590Kb free=179184Kb
 bounds [0x0000000003220000, 0x00000000073b0000, 0x0000000012220000]
 total_blobs=19615 nmethods=18647 adapters=879
 compilation: enabled

Compilation events (10 events):
Event: 11390.189 Thread 0x0000000016b9a000 24993       3       com.android.build.gradle.internal.pipeline.SubStream$SubStreamAdapter::write (202 bytes)
Event: 11390.195 Thread 0x0000000016b9a000 nmethod 24993 0x0000000006c98fd0 code [0x0000000006c99340, 0x0000000006c9af48]
Event: 11390.283 Thread 0x0000000016b8b000 nmethod 24982 0x000000000739b310 code [0x000000000739b760, 0x000000000739eab8]
Event: 11390.290 Thread 0x0000000016b9a000 24994       3       org.gradle.api.internal.changedetection.rules.FileChange::isRemoved (16 bytes)
Event: 11390.290 Thread 0x0000000016b9a000 nmethod 24994 0x00000000057a9f90 code [0x00000000057aa0e0, 0x00000000057aa290]
Event: 11390.342 Thread 0x0000000016b9a000 24995       3       org.gradle.api.internal.changedetection.rules.DefaultTaskUpToDateState::<init> (289 bytes)
Event: 11390.353 Thread 0x0000000016b9a000 nmethod 24995 0x0000000004c59990 code [0x0000000004c59e60, 0x0000000004c5d988]
Event: 11390.355 Thread 0x0000000016b94000 24996       4       java.lang.Enum::valueOf (73 bytes)
Event: 11390.359 Thread 0x0000000016b8b000 24997       4       java.lang.Class::enumConstantDirectory (114 bytes)
Event: 11390.401 Thread 0x0000000016b8b000 nmethod 24997 0x00000000064d7b50 code [0x00000000064d7d20, 0x00000000064d8980]

GC Heap History (10 events):
Event: 9508.736 GC heap before
{Heap before GC invocations=33 (full 4):
 PSYoungGen      total 482304K, used 447008K [0x00000000e0000000, 0x00000000ffe80000, 0x0000000100000000)
  eden space 441856K, 100% used [0x00000000e0000000,0x00000000faf80000,0x00000000faf80000)
  from space 40448K, 12% used [0x00000000fd700000,0x00000000fdc080a0,0x00000000ffe80000)
  to   space 40448K, 0% used [0x00000000faf80000,0x00000000faf80000,0x00000000fd700000)
 ParOldGen       total 108544K, used 45024K [0x00000000a0000000, 0x00000000a6a00000, 0x00000000e0000000)
  object space 108544K, 41% used [0x00000000a0000000,0x00000000a2bf8378,0x00000000a6a00000)
 Metaspace       used 88499K, capacity 92014K, committed 93332K, reserved 1130496K
  class space    used 11025K, capacity 11780K, committed 12180K, reserved 1048576K
Event: 9508.941 GC heap after
Heap after GC invocations=33 (full 4):
 PSYoungGen      total 472576K, used 30658K [0x00000000e0000000, 0x0000000100000000, 0x0000000100000000)
  eden space 441856K, 0% used [0x00000000e0000000,0x00000000e0000000,0x00000000faf80000)
  from space 30720K, 99% used [0x00000000faf80000,0x00000000fcd708d0,0x00000000fcd80000)
  to   space 43520K, 0% used [0x00000000fd580000,0x00000000fd580000,0x0000000100000000)
 ParOldGen       total 108544K, used 46077K [0x00000000a0000000, 0x00000000a6a00000, 0x00000000e0000000)
  object space 108544K, 42% used [0x00000000a0000000,0x00000000a2cff660,0x00000000a6a00000)
 Metaspace       used 88499K, capacity 92014K, committed 93332K, reserved 1130496K
  class space    used 11025K, capacity 11780K, committed 12180K, reserved 1048576K
}
Event: 9548.390 GC heap before
{Heap before GC invocations=34 (full 4):
 PSYoungGen      total 472576K, used 472514K [0x00000000e0000000, 0x0000000100000000, 0x0000000100000000)
  eden space 441856K, 100% used [0x00000000e0000000,0x00000000faf80000,0x00000000faf80000)
  from space 30720K, 99% used [0x00000000faf80000,0x00000000fcd708d0,0x00000000fcd80000)
  to   space 43520K, 0% used [0x00000000fd580000,0x00000000fd580000,0x0000000100000000)
 ParOldGen       total 108544K, used 46077K [0x00000000a0000000, 0x00000000a6a00000, 0x00000000e0000000)
  object space 108544K, 42% used [0x00000000a0000000,0x00000000a2cff660,0x00000000a6a00000)
 Metaspace       used 88652K, capacity 92236K, committed 93588K, reserved 1130496K
  class space    used 11028K, capacity 11785K, committed 12180K, reserved 1048576K
Event: 9548.451 GC heap after
Heap after GC invocations=34 (full 4):
 PSYoungGen      total 481792K, used 6602K [0x00000000e0000000, 0x0000000100000000, 0x0000000100000000)
  eden space 438272K, 0% used [0x00000000e0000000,0x00000000e0000000,0x00000000fac00000)
  from space 43520K, 15% used [0x00000000fd580000,0x00000000fdbf2a38,0x0000000100000000)
  to   space 42496K, 0% used [0x00000000fac00000,0x00000000fac00000,0x00000000fd580000)
 ParOldGen       total 108544K, used 46926K [0x00000000a0000000, 0x00000000a6a00000, 0x00000000e0000000)
  object space 108544K, 43% used [0x00000000a0000000,0x00000000a2dd3aa8,0x00000000a6a00000)
 Metaspace       used 88652K, capacity 92236K, committed 93588K, reserved 1130496K
  class space    used 11028K, capacity 11785K, committed 12180K, reserved 1048576K
}
Event: 9610.147 GC heap before
{Heap before GC invocations=35 (full 4):
 PSYoungGen      total 481792K, used 443478K [0x00000000e0000000, 0x0000000100000000, 0x0000000100000000)
  eden space 438272K, 99% used [0x00000000e0000000,0x00000000faaa3148,0x00000000fac00000)
  from space 43520K, 15% used [0x00000000fd580000,0x00000000fdbf2a38,0x0000000100000000)
  to   space 42496K, 0% used [0x00000000fac00000,0x00000000fac00000,0x00000000fd580000)
 ParOldGen       total 108544K, used 46926K [0x00000000a0000000, 0x00000000a6a00000, 0x00000000e0000000)
  object space 108544K, 43% used [0x00000000a0000000,0x00000000a2dd3aa8,0x00000000a6a00000)
 Metaspace       used 89041K, capacity 92640K, committed 93844K, reserved 1130496K
  class space    used 11056K, capacity 11809K, committed 12180K, reserved 1048576K
Event: 9610.252 GC heap after
Heap after GC invocations=35 (full 4):
 PSYoungGen      total 457728K, used 19149K [0x00000000e0000000, 0x00000000ffc00000, 0x0000000100000000)
  eden space 438272K, 0% used [0x00000000e0000000,0x00000000e0000000,0x00000000fac00000)
  from space 19456K, 98% used [0x00000000fac00000,0x00000000fbeb3718,0x00000000fbf00000)
  to   space 40960K, 0% used [0x00000000fd400000,0x00000000fd400000,0x00000000ffc00000)
 ParOldGen       total 108544K, used 47030K [0x00000000a0000000, 0x00000000a6a00000, 0x00000000e0000000)
  object space 108544K, 43% used [0x00000000a0000000,0x00000000a2dedaa8,0x00000000a6a00000)
 Metaspace       used 89041K, capacity 92640K, committed 93844K, reserved 1130496K
  class space    used 11056K, capacity 11809K, committed 12180K, reserved 1048576K
}
Event: 10394.718 GC heap before
{Heap before GC invocations=36 (full 4):
 PSYoungGen      total 457728K, used 456838K [0x00000000e0000000, 0x00000000ffc00000, 0x0000000100000000)
  eden space 438272K, 99% used [0x00000000e0000000,0x00000000fab6e260,0x00000000fac00000)
  from space 19456K, 98% used [0x00000000fac00000,0x00000000fbeb3718,0x00000000fbf00000)
  to   space 40960K, 0% used [0x00000000fd400000,0x00000000fd400000,0x00000000ffc00000)
 ParOldGen       total 108544K, used 47030K [0x00000000a0000000, 0x00000000a6a00000, 0x00000000e0000000)
  object space 108544K, 43% used [0x00000000a0000000,0x00000000a2dedaa8,0x00000000a6a00000)
 Metaspace       used 89260K, capacity 92954K, committed 94100K, reserved 1130496K
  class space    used 11061K, capacity 11816K, committed 12180K, reserved 1048576K
Event: 10394.874 GC heap after
Heap after GC invocations=36 (full 4):
 PSYoungGen      total 481280K, used 15628K [0x00000000e0000000, 0x0000000100000000, 0x0000000100000000)
  eden space 440320K, 0% used [0x00000000e0000000,0x00000000e0000000,0x00000000fae00000)
  from space 40960K, 38% used [0x00000000fd400000,0x00000000fe3433f8,0x00000000ffc00000)
  to   space 38912K, 0% used [0x00000000fae00000,0x00000000fae00000,0x00000000fd400000)
 ParOldGen       total 108544K, used 47150K [0x00000000a0000000, 0x00000000a6a00000, 0x00000000e0000000)
  object space 108544K, 43% used [0x00000000a0000000,0x00000000a2e0bab8,0x00000000a6a00000)
 Metaspace       used 89260K, capacity 92954K, committed 94100K, reserved 1130496K
  class space    used 11061K, capacity 11816K, committed 12180K, reserved 1048576K
}
Event: 11218.504 GC heap before
{Heap before GC invocations=37 (full 4):
 PSYoungGen      total 481280K, used 455875K [0x00000000e0000000, 0x0000000100000000, 0x0000000100000000)
  eden space 440320K, 99% used [0x00000000e0000000,0x00000000faded978,0x00000000fae00000)
  from space 40960K, 38% used [0x00000000fd400000,0x00000000fe3433f8,0x00000000ffc00000)
  to   space 38912K, 0% used [0x00000000fae00000,0x00000000fae00000,0x00000000fd400000)
 ParOldGen       total 108544K, used 47150K [0x00000000a0000000, 0x00000000a6a00000, 0x00000000e0000000)
  object space 108544K, 43% used [0x00000000a0000000,0x00000000a2e0bab8,0x00000000a6a00000)
 Metaspace       used 89696K, capacity 93812K, committed 94100K, reserved 1130496K
  class space    used 11132K, capacity 11947K, committed 12180K, reserved 1048576K
Event: 11219.002 GC heap after
Heap after GC invocations=37 (full 4):
 PSYoungGen      total 479232K, used 29664K [0x00000000e0000000, 0x0000000100000000, 0x0000000100000000)
  eden space 440320K, 0% used [0x00000000e0000000,0x00000000e0000000,0x00000000fae00000)
  from space 38912K, 76% used [0x00000000fae00000,0x00000000fcaf8378,0x00000000fd400000)
  to   space 41472K, 0% used [0x00000000fd780000,0x00000000fd780000,0x0000000100000000)
 ParOldGen       total 108544K, used 47158K [0x00000000a0000000, 0x00000000a6a00000, 0x00000000e0000000)
  object space 108544K, 43% used [0x00000000a0000000,0x00000000a2e0dab8,0x00000000a6a00000)
 Metaspace       used 89696K, capacity 93812K, committed 94100K, reserved 1130496K
  class space    used 11132K, capacity 11947K, committed 12180K, reserved 1048576K
}

Deoptimization events (10 events):
Event: 11210.191 Thread 0x000000001f40d800 Uncommon trap: reason=bimorphic action=maybe_recompile pc=0x0000000006712524 method=com.sun.tools.javac.code.Types$19.visitClassType(Lcom/sun/tools/javac/code/Type$ClassType;Ljava/lang/Void;)Lcom/sun/tools/javac/util/List; @ 46
Event: 11210.212 Thread 0x000000001f40d800 Uncommon trap: reason=bimorphic action=maybe_recompile pc=0x0000000006762bd8 method=com.sun.tools.javac.code.Types$19.visitClassType(Lcom/sun/tools/javac/code/Type$ClassType;Ljava/lang/Void;)Lcom/sun/tools/javac/util/List; @ 46
Event: 11214.471 Thread 0x000000001d109800 Uncommon trap: reason=class_check action=maybe_recompile pc=0x0000000005c806c0 method=com.android.tools.r8.ir.conversion.IRBuilder.attachLocalValues(Lcom/android/tools/r8/ir/code/Instruction;)V @ 133
Event: 11214.510 Thread 0x000000001d109800 Uncommon trap: reason=unstable_if action=reinterpret pc=0x0000000005ef1600 method=java.util.ArrayDeque.allocateElements(I)V @ 5
Event: 11214.518 Thread 0x000000001d109800 Uncommon trap: reason=bimorphic action=maybe_recompile pc=0x00000000073299cc method=com.android.tools.r8.ir.optimize.CodeRewriter.shouldBeLitInstruction(Lcom/android/tools/r8/ir/code/Instruction;)Z @ 15
Event: 11214.518 Thread 0x000000001d109800 Uncommon trap: reason=bimorphic action=maybe_recompile pc=0x00000000073299cc method=com.android.tools.r8.ir.optimize.CodeRewriter.shouldBeLitInstruction(Lcom/android/tools/r8/ir/code/Instruction;)Z @ 15
Event: 11214.518 Thread 0x000000001d109800 Uncommon trap: reason=bimorphic action=maybe_recompile pc=0x00000000073299cc method=com.android.tools.r8.ir.optimize.CodeRewriter.shouldBeLitInstruction(Lcom/android/tools/r8/ir/code/Instruction;)Z @ 15
Event: 11214.521 Thread 0x000000001d109800 Uncommon trap: reason=unstable_if action=reinterpret pc=0x0000000005cc705c method=com.android.tools.r8.ir.optimize.CodeRewriter.lambda$insertConstantInBlock$9(Lcom/android/tools/r8/ir/code/Instruction;ZLcom/android/tools/r8/ir/code/Instruction;)Z @ 20
Event: 11388.757 Thread 0x000000001d109800 Uncommon trap: reason=class_check action=maybe_recompile pc=0x0000000006c6ac40 method=com.sun.tools.javac.code.Types$MembersClosureCache.visitClassType(Lcom/sun/tools/javac/code/Type$ClassType;Ljava/lang/Void;)Lcom/sun/tools/javac/code/Scope$CompoundScope
Event: 11388.760 Thread 0x000000001d109800 Uncommon trap: reason=bimorphic action=maybe_recompile pc=0x00000000057ea6dc method=com.sun.tools.javac.code.Types$UnaryVisitor.visit(Lcom/sun/tools/javac/code/Type;)Ljava/lang/Object; @ 3

Classes redefined (0 events):
No events

Internal exceptions (10 events):
Event: 11383.855 Thread 0x000000001d109800 Exception <a 'sun/nio/fs/WindowsException'> (0x00000000e99eccd0) thrown at [D:\src\AOSP-openjdk-cygwin\jdk8u\hotspot\src\share\vm\prims\jni.cpp, line 709]
Event: 11383.856 Thread 0x000000001d109800 Exception <a 'sun/nio/fs/WindowsException'> (0x00000000e99ed5c0) thrown at [D:\src\AOSP-openjdk-cygwin\jdk8u\hotspot\src\share\vm\prims\jni.cpp, line 709]
Event: 11383.856 Thread 0x000000001d109800 Exception <a 'sun/nio/fs/WindowsException'> (0x00000000e99ef000) thrown at [D:\src\AOSP-openjdk-cygwin\jdk8u\hotspot\src\share\vm\prims\jni.cpp, line 709]
Event: 11383.856 Thread 0x000000001d109800 Exception <a 'sun/nio/fs/WindowsException'> (0x00000000e99ef900) thrown at [D:\src\AOSP-openjdk-cygwin\jdk8u\hotspot\src\share\vm\prims\jni.cpp, line 709]
Event: 11389.757 Thread 0x000000001d109800 Exception <a 'sun/nio/fs/WindowsException'> (0x00000000eca75398) thrown at [D:\src\AOSP-openjdk-cygwin\jdk8u\hotspot\src\share\vm\prims\jni.cpp, line 709]
Event: 11389.757 Thread 0x000000001f401800 Exception <a 'sun/nio/fs/WindowsException'> (0x00000000eca561d0) thrown at [D:\src\AOSP-openjdk-cygwin\jdk8u\hotspot\src\share\vm\prims\jni.cpp, line 709]
Event: 11389.973 Thread 0x000000001d109800 Exception <a 'sun/nio/fs/WindowsException'> (0x00000000ecb94088) thrown at [D:\src\AOSP-openjdk-cygwin\jdk8u\hotspot\src\share\vm\prims\jni.cpp, line 709]
Event: 11389.975 Thread 0x000000001f401800 Exception <a 'sun/nio/fs/WindowsException'> (0x00000000ecb746d0) thrown at [D:\src\AOSP-openjdk-cygwin\jdk8u\hotspot\src\share\vm\prims\jni.cpp, line 709]
Event: 11390.089 Thread 0x000000001f401800 Exception <a 'sun/nio/fs/WindowsException'> (0x00000000ecb7ac70) thrown at [D:\src\AOSP-openjdk-cygwin\jdk8u\hotspot\src\share\vm\prims\jni.cpp, line 709]
Event: 11390.129 Thread 0x000000001d109800 Exception <a 'sun/nio/fs/WindowsException'> (0x00000000ecb9b568) thrown at [D:\src\AOSP-openjdk-cygwin\jdk8u\hotspot\src\share\vm\prims\jni.cpp, line 709]

Events (10 events):
Event: 11388.759 Thread 0x000000001d109800 DEOPT PACKING pc=0x0000000006c6ac40 sp=0x000000001ad377c0
Event: 11388.759 Thread 0x000000001d109800 DEOPT UNPACKING pc=0x000000000326557b sp=0x000000001ad377e8 mode 2
Event: 11388.760 Thread 0x000000001d109800 Uncommon trap: trap_request=0xffffffc6 fr.pc=0x00000000057ea6dc
Event: 11388.760 Thread 0x000000001d109800 DEOPT PACKING pc=0x00000000057ea6dc sp=0x000000001ad376a0
Event: 11388.760 Thread 0x000000001d109800 DEOPT UNPACKING pc=0x000000000326557b sp=0x000000001ad375d8 mode 2
Event: 11388.838 Thread 0x000000001d109800 DEOPT PACKING pc=0x00000000059bc8bd sp=0x000000001ad393c0
Event: 11388.838 Thread 0x000000001d109800 DEOPT UNPACKING pc=0x00000000032675d0 sp=0x000000001ad390b8 mode 0
Event: 11389.724 Thread 0x000000001f405800 Thread added: 0x000000001f405800
Event: 11389.725 Thread 0x000000001f401800 Thread added: 0x000000001f401800
Event: 11390.384 Thread 0x000000001f406000 Thread added: 0x000000001f406000


Dynamic libraries:
0x00007ff69b170000 - 0x00007ff69b1a1000 	C:\Program Files\Android\Android Studio\jre\bin\java.exe
0x00007ffdd7110000 - 0x00007ffdd7305000 	C:\WINDOWS\SYSTEM32\ntdll.dll
0x00007ffdd54d0000 - 0x00007ffdd558d000 	C:\WINDOWS\System32\KERNEL32.DLL
0x00007ffdd4850000 - 0x00007ffdd4b17000 	C:\WINDOWS\System32\KERNELBASE.dll
0x00007ffdd62b0000 - 0x00007ffdd635a000 	C:\WINDOWS\System32\ADVAPI32.dll
0x00007ffdd5c70000 - 0x00007ffdd5d0e000 	C:\WINDOWS\System32\msvcrt.dll
0x00007ffdd5850000 - 0x00007ffdd58eb000 	C:\WINDOWS\System32\sechost.dll
0x00007ffdd5d10000 - 0x00007ffdd5e34000 	C:\WINDOWS\System32\RPCRT4.dll
0x00007ffdd5590000 - 0x00007ffdd5730000 	C:\WINDOWS\System32\USER32.dll
0x00007ffdd4bc0000 - 0x00007ffdd4be2000 	C:\WINDOWS\System32\win32u.dll
0x00007ffdd6360000 - 0x00007ffdd638a000 	C:\WINDOWS\System32\GDI32.dll
0x00007ffdd4fb0000 - 0x00007ffdd50b9000 	C:\WINDOWS\System32\gdi32full.dll
0x00007ffdd4b20000 - 0x00007ffdd4bbd000 	C:\WINDOWS\System32\msvcp_win.dll
0x00007ffdd4c70000 - 0x00007ffdd4d70000 	C:\WINDOWS\System32\ucrtbase.dll
0x00007ffdc4690000 - 0x00007ffdc492b000 	C:\WINDOWS\WinSxS\amd64_microsoft.windows.common-controls_6595b64144ccf1df_6.0.19041.488_none_ca04af081b815d21\COMCTL32.dll
0x00007ffdd5a90000 - 0x00007ffdd5ac0000 	C:\WINDOWS\System32\IMM32.DLL
0x0000000071a70000 - 0x0000000071b42000 	C:\Program Files\Android\Android Studio\jre\jre\bin\msvcr100.dll
0x0000000071c30000 - 0x0000000072471000 	C:\Program Files\Android\Android Studio\jre\jre\bin\server\jvm.dll
0x00007ffdd64c0000 - 0x00007ffdd64c8000 	C:\WINDOWS\System32\PSAPI.DLL
0x00007ffdcd610000 - 0x00007ffdcd61a000 	C:\WINDOWS\SYSTEM32\VERSION.dll
0x00007ffdd20e0000 - 0x00007ffdd20e9000 	C:\WINDOWS\SYSTEM32\WSOCK32.dll
0x00007ffdc3c30000 - 0x00007ffdc3c57000 	C:\WINDOWS\SYSTEM32\WINMM.dll
0x00007ffdd63f0000 - 0x00007ffdd645b000 	C:\WINDOWS\System32\WS2_32.dll
0x00007ffdd20d0000 - 0x00007ffdd20df000 	C:\Program Files\Android\Android Studio\jre\jre\bin\verify.dll
0x00007ffdd20a0000 - 0x00007ffdd20c9000 	C:\Program Files\Android\Android Studio\jre\jre\bin\java.dll
0x00007ffdcf6a0000 - 0x00007ffdcf6b6000 	C:\Program Files\Android\Android Studio\jre\jre\bin\zip.dll
0x00007ffdd6590000 - 0x00007ffdd6cd1000 	C:\WINDOWS\System32\SHELL32.dll
0x00007ffdd29b0000 - 0x00007ffdd3143000 	C:\WINDOWS\SYSTEM32\windows.storage.dll
0x00007ffdd5170000 - 0x00007ffdd54c5000 	C:\WINDOWS\System32\combase.dll
0x00007ffdd41f0000 - 0x00007ffdd421c000 	C:\WINDOWS\SYSTEM32\Wldp.dll
0x00007ffdd59e0000 - 0x00007ffdd5a8e000 	C:\WINDOWS\System32\SHCORE.dll
0x00007ffdd64d0000 - 0x00007ffdd6525000 	C:\WINDOWS\System32\shlwapi.dll
0x00007ffdd4780000 - 0x00007ffdd47a6000 	C:\WINDOWS\SYSTEM32\profapi.dll
0x00007ffdcf680000 - 0x00007ffdcf69a000 	C:\Program Files\Android\Android Studio\jre\jre\bin\net.dll
0x00007ffdd3f70000 - 0x00007ffdd3fda000 	C:\WINDOWS\system32\mswsock.dll
0x00007ffdcbb40000 - 0x00007ffdcbb51000 	C:\Program Files\Android\Android Studio\jre\jre\bin\nio.dll
0x00007ffdc4ca0000 - 0x00007ffdc4cbe000 	C:\Users\Dell\.gradle\native\25\windows-amd64\native-platform.dll
0x00007ffdd2060000 - 0x00007ffdd206d000 	C:\Program Files\Android\Android Studio\jre\jre\bin\management.dll
0x00007ffdd4150000 - 0x00007ffdd4168000 	C:\WINDOWS\SYSTEM32\CRYPTSP.dll
0x00007ffdd3900000 - 0x00007ffdd3934000 	C:\WINDOWS\system32\rsaenh.dll
0x00007ffdd4bf0000 - 0x00007ffdd4c17000 	C:\WINDOWS\System32\bcrypt.dll
0x00007ffdd4740000 - 0x00007ffdd476e000 	C:\WINDOWS\SYSTEM32\USERENV.dll
0x00007ffdd4ed0000 - 0x00007ffdd4f4f000 	C:\WINDOWS\System32\bcryptprimitives.dll
0x00007ffdd4140000 - 0x00007ffdd414c000 	C:\WINDOWS\SYSTEM32\CRYPTBASE.dll
0x00007ffdd3c60000 - 0x00007ffdd3c9b000 	C:\WINDOWS\SYSTEM32\IPHLPAPI.DLL
0x00007ffdd58f0000 - 0x00007ffdd58f9000 	C:\WINDOWS\System32\NSI.dll
0x00007ffdc61d0000 - 0x00007ffdc61e7000 	C:\WINDOWS\SYSTEM32\dhcpcsvc6.DLL
0x00007ffdcb460000 - 0x00007ffdcb47d000 	C:\WINDOWS\SYSTEM32\dhcpcsvc.DLL
0x00007ffdd3ca0000 - 0x00007ffdd3d6b000 	C:\WINDOWS\SYSTEM32\DNSAPI.dll
0x00007ffda5370000 - 0x00007ffda5507000 	C:\Program Files\Android\Android Studio\jre\jre\bin\awt.dll
0x00007ffdd5900000 - 0x00007ffdd59cd000 	C:\WINDOWS\System32\OLEAUT32.dll
0x00007ffdd0a80000 - 0x00007ffdd1040000 	C:\WINDOWS\SYSTEM32\d2d1.dll
0x00007ffdd2120000 - 0x00007ffdd21b0000 	C:\WINDOWS\SYSTEM32\apphelp.dll
0x00007ffdd24c0000 - 0x00007ffdd24ef000 	C:\WINDOWS\system32\DWMAPI.DLL
0x00007ffdd22d0000 - 0x00007ffdd236f000 	C:\WINDOWS\system32\uxtheme.dll
0x00007ffdd35a0000 - 0x00007ffdd35d3000 	C:\WINDOWS\SYSTEM32\ntmarta.dll

VM Arguments:
jvm_args: -Xmx1536m -Dfile.encoding=windows-1252 -Duser.country=IN -Duser.language=en -Duser.variant 
java_command: org.gradle.launcher.daemon.bootstrap.GradleDaemon 4.6
java_class_path (initial): C:\Users\Dell\.gradle\wrapper\dists\gradle-4.6-all\bcst21l2brirad8k2ben1letg\gradle-4.6\lib\gradle-launcher-4.6.jar
Launcher Type: SUN_STANDARD

Environment Variables:
PATH=C:\Program Files (x86)\Intel\Intel(R) Management Engine Components\DAL;C:\Program Files\Intel\Intel(R) Management Engine Components\DAL;C:\Python\Python36;C:\WINDOWS\system32;C:\WINDOWS;C:\WINDOWS\System32\Wbem;C:\WINDOWS\System32\WindowsPowerShell\v1.0\;C:\WINDOWS\System32\OpenSSH\;C:\Program Files\Git\cmd;C:\Program Files\Java\jdk1.8.0_231\bin;C:\Program Files\kotlin\kotlinc\bin;C:\Python\Python36\Scripts\;C:\Python\Python36\;C:\Users\Dell\AppData\Local\Microsoft\WindowsApps;C:\Users\Dell\AppData\Local\Programs\Microsoft VS Code\bin;%USERPROFILE%\AppData\Local\Microsoft\WindowsApps;
USERNAME=Dell
OS=Windows_NT
PROCESSOR_IDENTIFIER=Intel64 Family 6 Model 78 Stepping 3, GenuineIntel



---------------  S Y S T E M  ---------------

OS: Windows 10.0 , 64 bit Build 19041 (10.0.19041.292)

CPU:total 4 (initial active 4) (2 cores per cpu, 2 threads per core) family 6 model 78 stepping 3, cmov, cx8, fxsr, mmx, sse, sse2, sse3, ssse3, sse4.1, sse4.2, popcnt, avx, avx2, aes, clmul, erms, rtm, 3dnowpref, lzcnt, ht, tsc, tscinvbit, bmi1, bmi2, adx

Memory: 4k page, physical 3886596k(197588k free), swap 15945220k(2776k free)

vm_info: OpenJDK 64-Bit Server VM (25.152-b06) for windows-amd64 JRE (1.8.0_152-release-1136-b06), built by "builder" with MS VC++ 10.0 (VS2010)

time: Fri Oct 09 15:49:49 2020
elapsed time: 11390 seconds (0d 3h 9m 50s)

